<?xml version="1.0" encoding="UTF-8" ?>
<testsuites>
  <testsuite errors="0" failures="0" hostname="Fernando-PC" id="0" name="OperacionesTest" package="test" skipped="0" tests="4" time="0.059" timestamp="2015-05-11T00:17:07">
      <properties>
[...]
</properties>

      <testcase classname="test.OperacionesTest" name="testSumar" time="0.002" />

      <testcase classname="test.OperacionesTest" name="testMultiplicar" time="0.0" />

      <testcase classname="test.OperacionesTest" name="testDividir" time="0.0" />

      <testcase classname="test.OperacionesTest" name="testRestar" time="0.0" />

      <system-out><![CDATA[Sumar dos numeros
Multiplicar dos numeros
Dividir Dos numeros
Restar dos numeros
]]></system-out>

      <system-err><![CDATA[]]></system-err>

  </testsuite>
</testsuites>
